<?xml version="1.0" encoding="UTF-8"?>
<!-- Generated by org.testng.reporters.JUnitReportReporter -->
<testsuite skipped="0" hostname="User-PC" name="demo.ScreenshotsTest" tests="2" failures="0" timestamp="06 Mar 2018 09:45:37 GMT" time="19.816" errors="0">
  <testcase name="f" time="16.803" classname="demo.ScreenshotsTest"/>
  <testcase name="f1" time="3.013" classname="demo.ScreenshotsTest"/>
</testsuite> <!-- demo.ScreenshotsTest -->
