<?xml version="1.0" encoding="UTF-8"?>
<!-- Generated by org.testng.reporters.JUnitReportReporter -->
<testsuite skipped="1" hostname="User-PC" name="demo.JobTitleTest" tests="2" failures="0" timestamp="06 Mar 2018 08:58:41 GMT" time="13.651" errors="0">
  <testcase name="f" time="13.651" classname="demo.JobTitleTest"/>
  <testcase name="f1" classname="demo.JobTitleTest">
    <skipped/>
  </testcase> <!-- f1 -->
</testsuite> <!-- demo.JobTitleTest -->
