<?xml version="1.0" encoding="UTF-8"?>
<!-- Generated by org.testng.reporters.JUnitReportReporter -->
<testsuite skipped="0" hostname="User-PC" name="demo.LoginpageTest" tests="1" failures="0" timestamp="06 Mar 2018 13:47:09 GMT" time="19.137" errors="0">
  <testcase name="f" time="19.137" classname="demo.LoginpageTest"/>
</testsuite> <!-- demo.LoginpageTest -->
