<?xml version="1.0" encoding="UTF-8"?>
<!-- Generated by org.testng.reporters.JUnitReportReporter -->
<testsuite skipped="0" hostname="User-PC" name="demo.JobTitle" tests="2" failures="0" timestamp="05 Mar 2018 13:00:04 GMT" time="23.832" errors="0">
  <testcase name="f" time="10.935" classname="demo.JobTitle"/>
  <testcase name="f1" time="12.897" classname="demo.JobTitle"/>
</testsuite> <!-- demo.JobTitle -->
