<?xml version="1.0" encoding="UTF-8"?>
<!-- Generated by org.testng.reporters.JUnitReportReporter -->
<testsuite skipped="0" hostname="User-PC" name="demo.Vegetables" tests="1" failures="0" timestamp="06 Mar 2018 11:49:21 GMT" time="0.016" errors="0">
  <testcase name="raj" time="0.016" classname="demo.Vegetables"/>
</testsuite> <!-- demo.Vegetables -->
