<?xml version="1.0" encoding="UTF-8"?>
<!-- Generated by org.testng.reporters.JUnitReportReporter -->
<testsuite skipped="0" hostname="User-PC" name="demo.ScreenshotsTest" tests="2" failures="0" timestamp="07 Mar 2018 09:20:55 GMT" time="18.522" errors="0">
  <testcase name="f" time="12.228" classname="demo.ScreenshotsTest"/>
  <testcase name="f1" time="6.294" classname="demo.ScreenshotsTest"/>
</testsuite> <!-- demo.ScreenshotsTest -->
