<?xml version="1.0" encoding="UTF-8"?>
<!-- Generated by org.testng.reporters.JUnitReportReporter -->
<testsuite skipped="0" hostname="User-PC" name="loginn.User" tests="2" failures="0" timestamp="27 Feb 2018 11:46:51 GMT" time="16.253" errors="0">
  <testcase name="f" time="10.379" classname="loginn.User"/>
  <testcase name="f1" time="5.874" classname="loginn.User"/>
</testsuite> <!-- loginn.User -->
