<?xml version="1.0" encoding="UTF-8"?>
<!-- Generated by org.testng.reporters.JUnitReportReporter -->
<testsuite skipped="0" hostname="User-PC" name="loginn.Job1" tests="2" failures="0" timestamp="27 Feb 2018 11:43:07 GMT" time="17.018" errors="0">
  <testcase name="f" time="13.733" classname="loginn.Job1"/>
  <testcase name="f1" time="3.285" classname="loginn.Job1"/>
</testsuite> <!-- loginn.Job1 -->
