<?xml version="1.0" encoding="UTF-8"?>
<!-- Generated by org.testng.reporters.JUnitReportReporter -->
<testsuite skipped="0" hostname="User-PC" name="loginn.Demo1Test" tests="1" failures="0" timestamp="05 Mar 2018 11:28:51 GMT" time="316.884" errors="0">
  <testcase name="f" time="316.884" classname="loginn.Demo1Test"/>
</testsuite> <!-- loginn.Demo1Test -->
