<?xml version="1.0" encoding="UTF-8"?>
<!-- Generated by org.testng.reporters.JUnitReportReporter -->
<testsuite skipped="0" hostname="User-PC" name="loginn.Keyboard" tests="2" failures="0" timestamp="05 Mar 2018 09:30:31 GMT" time="15.934" errors="0">
  <testcase name="f" time="13.334" classname="loginn.Keyboard"/>
  <testcase name="f1" time="2.600" classname="loginn.Keyboard"/>
</testsuite> <!-- loginn.Keyboard -->
