<?xml version="1.0" encoding="UTF-8"?>
<!-- Generated by org.testng.reporters.JUnitReportReporter -->
<testsuite skipped="0" hostname="User-PC" name="loginn.Job" tests="2" failures="0" timestamp="01 Mar 2018 13:32:46 GMT" time="15.783" errors="0">
  <testcase name="f" time="9.979" classname="loginn.Job"/>
  <testcase name="f1" time="5.804" classname="loginn.Job"/>
</testsuite> <!-- loginn.Job -->
