<?xml version="1.0" encoding="UTF-8"?>
<!-- Generated by org.testng.reporters.JUnitReportReporter -->
<testsuite skipped="0" hostname="User-PC" name="loginn.Login" tests="1" failures="0" timestamp="28 Feb 2018 10:07:45 GMT" time="9.381" errors="0">
  <testcase name="f" time="9.381" classname="loginn.Login"/>
</testsuite> <!-- loginn.Login -->
