<?xml version="1.0" encoding="UTF-8"?>
<!-- Generated by org.testng.reporters.JUnitReportReporter -->
<testsuite skipped="0" hostname="User-PC" name="program.ABc" tests="1" failures="0" timestamp="26 Feb 2018 11:47:20 GMT" time="8.839" errors="0">
  <testcase name="f" time="8.839" classname="program.ABc"/>
</testsuite> <!-- program.ABc -->
