<?xml version="1.0" encoding="UTF-8"?>
<!-- Generated by org.testng.reporters.JUnitReportReporter -->
<testsuite skipped="0" hostname="User-PC" name="loginn.PayScaleTest" tests="2" failures="0" timestamp="05 Mar 2018 11:55:58 GMT" time="22.352" errors="0">
  <testcase name="f" time="10.957" classname="loginn.PayScaleTest"/>
  <testcase name="f1" time="11.395" classname="loginn.PayScaleTest"/>
</testsuite> <!-- loginn.PayScaleTest -->
