<?xml version="1.0" encoding="UTF-8"?>
<!-- Generated by org.testng.reporters.JUnitReportReporter -->
<testsuite skipped="0" hostname="User-PC" name="loginn.Demo1" tests="1" failures="0" timestamp="01 Mar 2018 14:29:25 GMT" time="322.659" errors="0">
  <testcase name="f" time="322.659" classname="loginn.Demo1"/>
</testsuite> <!-- loginn.Demo1 -->
