<?xml version="1.0" encoding="UTF-8"?>
<!-- Generated by org.testng.reporters.JUnitReportReporter -->
<testsuite skipped="0" hostname="User-PC" name="loginn.PayScale" tests="2" failures="0" timestamp="01 Mar 2018 11:48:26 GMT" time="18.167" errors="0">
  <testcase name="f" time="10.943" classname="loginn.PayScale"/>
  <testcase name="f1" time="7.224" classname="loginn.PayScale"/>
</testsuite> <!-- loginn.PayScale -->
