<?xml version="1.0" encoding="UTF-8"?>
<!-- Generated by org.testng.reporters.JUnitReportReporter -->
<testsuite skipped="0" hostname="User-PC" name="loginn.DemoTest" tests="2" failures="0" timestamp="23 Mar 2018 09:19:30 GMT" time="20.354" errors="0">
  <testcase name="f" time="11.765" classname="loginn.DemoTest"/>
  <testcase name="f5" time="8.589" classname="loginn.DemoTest"/>
</testsuite> <!-- loginn.DemoTest -->
