<?xml version="1.0" encoding="UTF-8"?>
<!-- Generated by org.testng.reporters.JUnitReportReporter -->
<testsuite skipped="0" hostname="User-PC" name="loginn.Demo2" tests="1" failures="0" timestamp="01 Mar 2018 14:07:18 GMT" time="9.868" errors="0">
  <testcase name="f" time="9.868" classname="loginn.Demo2"/>
</testsuite> <!-- loginn.Demo2 -->
