<?xml version="1.0" encoding="UTF-8"?>
<!-- Generated by org.testng.reporters.JUnitReportReporter -->
<testsuite skipped="0" hostname="User-PC" name="loginn.Demo" tests="2" failures="0" timestamp="01 Mar 2018 11:59:38 GMT" time="14.206" errors="0">
  <testcase name="f" time="10.458" classname="loginn.Demo"/>
  <testcase name="f5" time="3.748" classname="loginn.Demo"/>
</testsuite> <!-- loginn.Demo -->
