<?xml version="1.0" encoding="UTF-8"?>
<!-- Generated by org.testng.reporters.JUnitReportReporter -->
<testsuite skipped="0" hostname="User-PC" name="loginn.ScreenshotsTest" tests="2" failures="0" timestamp="03 Apr 2018 09:20:03 GMT" time="16.685" errors="0">
  <testcase name="f1" time="3.874" classname="loginn.ScreenshotsTest"/>
  <testcase name="f" time="12.811" classname="loginn.ScreenshotsTest"/>
</testsuite> <!-- loginn.ScreenshotsTest -->
