<?xml version="1.0" encoding="UTF-8"?>
<!-- Generated by org.testng.reporters.JUnitReportReporter -->
<testsuite skipped="0" hostname="User-PC" name="Programs.LoginTest" tests="1" failures="0" timestamp="03 Apr 2018 09:27:54 GMT" time="20.093" errors="0">
  <testcase name="f" time="20.093" classname="Programs.LoginTest"/>
</testsuite> <!-- Programs.LoginTest -->
