<?xml version="1.0" encoding="UTF-8"?>
<!-- Generated by org.testng.reporters.JUnitReportReporter -->
<testsuite skipped="0" hostname="User-PC" name="Programs.NewTest" tests="1" failures="0" timestamp="27 Mar 2018 11:33:03 GMT" time="20.134" errors="0">
  <testcase name="f" time="20.134" classname="Programs.NewTest"/>
</testsuite> <!-- Programs.NewTest -->
