<?xml version="1.0" encoding="UTF-8"?>
<!-- Generated by org.testng.reporters.JUnitReportReporter -->
<testsuite skipped="0" hostname="User-PC" name="Programs.CallTest" tests="2" failures="0" timestamp="28 Mar 2018 09:25:09 GMT" time="35.895" errors="0">
  <testcase name="f" time="28.874" classname="Programs.CallTest"/>
  <testcase name="ss" time="7.021" classname="Programs.CallTest"/>
</testsuite> <!-- Programs.CallTest -->
