<?xml version="1.0" encoding="UTF-8"?>
<!-- Generated by org.testng.reporters.JUnitReportReporter -->
<testsuite skipped="0" hostname="User-PC" name="Programs.LoginTest" tests="1" failures="0" timestamp="27 Mar 2018 11:10:29 GMT" time="21.582" errors="0">
  <testcase name="f" time="21.582" classname="Programs.LoginTest"/>
</testsuite> <!-- Programs.LoginTest -->
